0 info it worked if it ends with ok
1 verbose cli [ 'node', '/usr/local/bin/npm', 'run', 'build' ]
2 info using npm@3.8.9
3 info using node@v0.10.25
4 verbose node symlink /usr/bin/node
5 verbose stack Error: missing script: build
5 verbose stack     at run (/usr/local/lib/node_modules/npm/lib/run-script.js:150:19)
5 verbose stack     at /usr/local/lib/node_modules/npm/lib/run-script.js:60:5
5 verbose stack     at /usr/local/lib/node_modules/npm/node_modules/read-package-json/read-json.js:356:5
5 verbose stack     at checkBinReferences_ (/usr/local/lib/node_modules/npm/node_modules/read-package-json/read-json.js:320:45)
5 verbose stack     at final (/usr/local/lib/node_modules/npm/node_modules/read-package-json/read-json.js:354:3)
5 verbose stack     at then (/usr/local/lib/node_modules/npm/node_modules/read-package-json/read-json.js:124:5)
5 verbose stack     at /usr/local/lib/node_modules/npm/node_modules/read-package-json/read-json.js:311:12
5 verbose stack     at /usr/local/lib/node_modules/npm/node_modules/graceful-fs/graceful-fs.js:78:16
5 verbose stack     at fs.js:268:14
5 verbose stack     at /usr/local/lib/node_modules/npm/node_modules/graceful-fs/graceful-fs.js:43:10
6 verbose cwd /home/shubhamjain1/coding/slackbot/todobot
7 error Linux 3.16.0-70-generic
8 error argv "node" "/usr/local/bin/npm" "run" "build"
9 error node v0.10.25
10 error npm  v3.8.9
11 error missing script: build
12 error If you need help, you may report this error at:
12 error     <https://github.com/npm/npm/issues>
13 verbose exit [ 1, true ]
